<?xml version="1.0" encoding="UTF-8"?>
<testng-results skipped="0" failed="0" ignored="0" total="0" passed="0">
  <reporter-output>
  </reporter-output>
  <suite name="Default suite" duration-ms="5274" started-at="2021-04-28T16:44:32Z" finished-at="2021-04-28T16:44:38Z">
    <groups>
      <group name="cucumber">
        <method signature="AbstractTestNGCucumberTests.runScenario(io.cucumber.testng.PickleWrapper, io.cucumber.testng.FeatureWrapper)[pri:0, instance:com.testrunners.MyTestRunner@6ddf90b0]" name="runScenario" class="io.cucumber.testng.AbstractTestNGCucumberTests"/>
      </group> <!-- cucumber -->
    </groups>
    <test name="Default test" duration-ms="5274" started-at="2021-04-28T16:44:32Z" finished-at="2021-04-28T16:44:38Z">
      <class name="com.testrunners.MyTestRunner">
        <test-method status="PASS" signature="setUpClass()[pri:0, instance:com.testrunners.MyTestRunner@6ddf90b0]" name="setUpClass" is-config="true" duration-ms="1914" started-at="2021-04-28T16:44:32Z" finished-at="2021-04-28T16:44:34Z">
          <reporter-output>
          </reporter-output>
        </test-method> <!-- setUpClass -->
        <test-method status="PASS" signature="tearDownClass()[pri:0, instance:com.testrunners.MyTestRunner@6ddf90b0]" name="tearDownClass" is-config="true" duration-ms="3312" started-at="2021-04-28T16:44:34Z" finished-at="2021-04-28T16:44:38Z">
          <reporter-output>
          </reporter-output>
        </test-method> <!-- tearDownClass -->
      </class> <!-- com.testrunners.MyTestRunner -->
    </test> <!-- Default test -->
  </suite> <!-- Default suite -->
</testng-results>
